<?xml version="1.0" encoding="UTF-8"?>
<!-- Generated by org.testng.reporters.JUnitXMLReporter -->
<testsuite ignored="0" hostname="BizAct235" failures="0" tests="2" name="Default test" time="31.736" errors="0" timestamp="2024-06-27T15:32:11 IST">
  <testcase classname="BizAutoFramework.BizAutomation.StandaloneTestDatafromJsonFile" name="SubmitOrder" time="13.461"/>
  <testcase classname="BizAutoFramework.BizAutomation.StandaloneTestDatafromJsonFile" name="SubmitOrder" time="13.44"/>
</testsuite> <!-- Default test -->
