<?xml version="1.0" encoding="UTF-8"?>
<!-- Generated by org.testng.reporters.JUnitXMLReporter -->
<testsuite ignored="0" hostname="BizAct235" failures="0" tests="7" name="Test4" time="104.152" errors="0" timestamp="2024-07-03T23:31:53 IST">
  <testcase classname="BizAutoFramework.BizAutomation.StandaloneTest3" name="SubmitOrder" time="13.858"/>
  <testcase classname="BizAutoFramework.BizAutomation.StandaloneTest3" name="SubmitOrder" time="13.87"/>
  <testcase classname="BizAutoFramework.BizAutomation.ErrorValidationTest" name="LoginErrorValidation" time="0.413"/>
  <testcase classname="BizAutoFramework.BizAutomation.StandaloneTestDatafromJsonFile" name="SubmitOrderDataFromJsonFile" time="13.725"/>
  <testcase classname="BizAutoFramework.BizAutomation.StandaloneTestDatafromJsonFile" name="SubmitOrderDataFromJsonFile" time="13.854"/>
  <testcase classname="BizAutoFramework.BizAutomation.StandaloneTestHashMapdata" name="SubmitOrderDataFromHashMap" time="13.744"/>
  <testcase classname="BizAutoFramework.BizAutomation.StandaloneTestHashMapdata" name="SubmitOrderDataFromHashMap" time="13.813"/>
</testsuite> <!-- Test4 -->
