<?xml version="1.0" encoding="UTF-8"?>
<!-- Generated by org.testng.reporters.JUnitXMLReporter -->
<testsuite ignored="0" hostname="BizAct235" failures="0" tests="7" name="Test3" time="2.477" errors="0" timestamp="2024-07-03T23:30:12 IST">
  <testcase classname="BizAutoFramework.BizAutomation.StandaloneTest3" name="SubmitOrder" time="0.0">
    <skipped/>
  </testcase> <!-- SubmitOrder -->
  <testcase classname="BizAutoFramework.BizAutomation.StandaloneTest3" name="SubmitOrder" time="0.0">
    <skipped/>
  </testcase> <!-- SubmitOrder -->
  <testcase classname="BizAutoFramework.BizAutomation.ErrorValidationTest" name="LoginErrorValidation" time="0.0">
    <skipped/>
  </testcase> <!-- LoginErrorValidation -->
  <testcase classname="BizAutoFramework.BizAutomation.StandaloneTestDatafromJsonFile" name="SubmitOrderDataFromJsonFile" time="0.0">
    <skipped/>
  </testcase> <!-- SubmitOrderDataFromJsonFile -->
  <testcase classname="BizAutoFramework.BizAutomation.StandaloneTestDatafromJsonFile" name="SubmitOrderDataFromJsonFile" time="0.0">
    <skipped/>
  </testcase> <!-- SubmitOrderDataFromJsonFile -->
  <testcase classname="BizAutoFramework.BizAutomation.StandaloneTestHashMapdata" name="SubmitOrderDataFromHashMap" time="0.0">
    <skipped/>
  </testcase> <!-- SubmitOrderDataFromHashMap -->
  <testcase classname="BizAutoFramework.BizAutomation.StandaloneTestHashMapdata" name="SubmitOrderDataFromHashMap" time="0.0">
    <skipped/>
  </testcase> <!-- SubmitOrderDataFromHashMap -->
</testsuite> <!-- Test3 -->
