<?xml version="1.0" encoding="UTF-8"?>
<!-- Generated by org.testng.reporters.JUnitXMLReporter -->
<testsuite ignored="0" hostname="LAPTOP-B35VFIBG" failures="0" tests="2" name="Test3" time="40.93" errors="0" timestamp="2024-10-19T11:06:07 IST">
  <testcase classname="BizAutoFramework.BizAutomation.StandaloneTestDatafromJsonFile" name="SubmitOrderDataFromJsonFile" time="14.953"/>
  <testcase classname="BizAutoFramework.BizAutomation.StandaloneTestDatafromJsonFile" name="SubmitOrderDataFromJsonFile" time="14.407"/>
</testsuite> <!-- Test3 -->
