<?xml version="1.0" encoding="UTF-8"?>
<!-- Generated by org.testng.reporters.JUnitXMLReporter -->
<testsuite ignored="0" hostname="LAPTOP-B35VFIBG" failures="0" tests="2" name="Test4" time="40.738" errors="0" timestamp="2024-10-19T11:06:07 IST">
  <testcase classname="BizAutoFramework.BizAutomation.StandaloneTestHashMapdata" name="SubmitOrderDataFromHashMap" time="16.461"/>
  <testcase classname="BizAutoFramework.BizAutomation.StandaloneTestHashMapdata" name="SubmitOrderDataFromHashMap" time="14.226"/>
</testsuite> <!-- Test4 -->
