<?xml version="1.0" encoding="UTF-8"?>
<testng-results ignored="0" total="1" passed="1" failed="0" skipped="0">
  <reporter-output>
  </reporter-output>
  <suite started-at="2024-10-19T12:08:31 IST" name="Surefire suite" finished-at="2024-10-19T12:08:38 IST" duration-ms="6373">
    <groups>
      <group name="ErrorHandling">
        <method signature="ErrorValidationTest.LoginErrorValidation()[pri:0, instance:BizAutoFramework.BizAutomation.ErrorValidationTest@d6e7bab]" name="LoginErrorValidation" class="BizAutoFramework.BizAutomation.ErrorValidationTest"/>
      </group> <!-- ErrorHandling -->
    </groups>
    <test started-at="2024-10-19T12:08:31 IST" name="Surefire test" finished-at="2024-10-19T12:08:38 IST" duration-ms="6373">
      <class name="BizAutoFramework.BizAutomation.ErrorValidationTest">
        <test-method is-config="true" signature="launchApplication()[pri:0, instance:BizAutoFramework.BizAutomation.ErrorValidationTest@d6e7bab]" started-at="2024-10-19T12:08:31 IST" name="launchApplication" finished-at="2024-10-19T12:08:36 IST" duration-ms="5028" status="PASS">
          <reporter-output>
          </reporter-output>
        </test-method> <!-- launchApplication -->
        <test-method signature="LoginErrorValidation()[pri:0, instance:BizAutoFramework.BizAutomation.ErrorValidationTest@d6e7bab]" started-at="2024-10-19T12:08:36 IST" name="LoginErrorValidation" finished-at="2024-10-19T12:08:37 IST" duration-ms="530" status="PASS">
          <reporter-output>
          </reporter-output>
        </test-method> <!-- LoginErrorValidation -->
        <test-method is-config="true" signature="tearDown()[pri:0, instance:BizAutoFramework.BizAutomation.ErrorValidationTest@d6e7bab]" started-at="2024-10-19T12:08:37 IST" name="tearDown" finished-at="2024-10-19T12:08:38 IST" duration-ms="754" status="PASS">
          <reporter-output>
          </reporter-output>
        </test-method> <!-- tearDown -->
      </class> <!-- BizAutoFramework.BizAutomation.ErrorValidationTest -->
    </test> <!-- Surefire test -->
  </suite> <!-- Surefire suite -->
</testng-results>
