<?xml version="1.0" encoding="UTF-8"?>
<testng-results ignored="0" total="1" passed="1" failed="0" skipped="0">
  <reporter-output>
  </reporter-output>
  <suite started-at="2024-07-05T15:50:44 IST" name="Suite" finished-at="2024-07-05T15:50:46 IST" duration-ms="2403">
    <groups>
      <group name="ErrorHandling">
        <method signature="ErrorValidationTest.LoginErrorValidation()[pri:0, instance:BizAutoFramework.BizAutomation.ErrorValidationTest@2df6226d]" name="LoginErrorValidation" class="BizAutoFramework.BizAutomation.ErrorValidationTest"/>
      </group> <!-- ErrorHandling -->
    </groups>
    <test started-at="2024-07-05T15:50:44 IST" name="Test" finished-at="2024-07-05T15:50:44 IST" duration-ms="15">
    </test> <!-- Test -->
    <test started-at="2024-07-05T15:50:44 IST" name="Test1" finished-at="2024-07-05T15:50:46 IST" duration-ms="2403">
      <class name="BizAutoFramework.BizAutomation.ErrorValidationTest">
        <test-method is-config="true" signature="launchApplication()[pri:0, instance:BizAutoFramework.BizAutomation.ErrorValidationTest@2df6226d]" started-at="2024-07-05T15:50:44 IST" name="launchApplication" finished-at="2024-07-05T15:50:46 IST" duration-ms="1830" status="PASS">
          <reporter-output>
          </reporter-output>
        </test-method> <!-- launchApplication -->
        <test-method signature="LoginErrorValidation()[pri:0, instance:BizAutoFramework.BizAutomation.ErrorValidationTest@2df6226d]" started-at="2024-07-05T15:50:46 IST" name="LoginErrorValidation" finished-at="2024-07-05T15:50:46 IST" duration-ms="397" status="PASS">
          <reporter-output>
          </reporter-output>
        </test-method> <!-- LoginErrorValidation -->
        <test-method is-config="true" signature="tearDown()[pri:0, instance:BizAutoFramework.BizAutomation.ErrorValidationTest@2df6226d]" started-at="2024-07-05T15:50:46 IST" name="tearDown" finished-at="2024-07-05T15:50:46 IST" duration-ms="120" status="PASS">
          <reporter-output>
          </reporter-output>
        </test-method> <!-- tearDown -->
      </class> <!-- BizAutoFramework.BizAutomation.ErrorValidationTest -->
    </test> <!-- Test1 -->
  </suite> <!-- Suite -->
</testng-results>
